# JRE version: OpenJDK Runtime Environment (8.0_152-b01) (build 1.8.0_152-release-915-b01)
# Java VM: OpenJDK 64-Bit Server VM (25.152-b01 mixed mode windows-amd64 compressed oops)
Heap:
 PSYoungGen      total 481792K, used 73001K [0x00000000e0000000, 0x0000000100000000, 0x0000000100000000)
  eden space 441856K, 10% used [0x00000000e0000000,0x00000000e2e30e00,0x00000000faf80000)
  from space 39936K, 64% used [0x00000000faf80000,0x00000000fc899838,0x00000000fd680000)
  to   space 40448K, 0% used [0x00000000fd880000,0x00000000fd880000,0x0000000100000000)
 ParOldGen       total 156160K, used 128408K [0x00000000a0000000, 0x00000000a9880000, 0x00000000e0000000)
  object space 156160K, 82% used [0x00000000a0000000,0x00000000a7d662a0,0x00000000a9880000)
 Metaspace       used 92080K, capacity 102650K, committed 102804K, reserved 1138688K
  class space    used 11713K, capacity 14450K, committed 14484K, reserved 1048576K
GC Heap History (10 events):
Event: 13709.222 GC heap before
{Heap before GC invocations=71 (full 4):
 PSYoungGen      total 475648K, used 453929K [0x00000000e0000000, 0x00000000ffb00000, 0x0000000100000000)
  eden space 435200K, 100% used [0x00000000e0000000,0x00000000fa900000,0x00000000fa900000)
  from space 40448K, 46% used [0x00000000fd380000,0x00000000fe5ca7f8,0x00000000ffb00000)
  to   space 41984K, 0% used [0x00000000fa900000,0x00000000fa900000,0x00000000fd200000)
 ParOldGen       total 156160K, used 104974K [0x00000000a0000000, 0x00000000a9880000, 0x00000000e0000000)
  object space 156160K, 67% used [0x00000000a0000000,0x00000000a6683a70,0x00000000a9880000)
 Metaspace       used 91584K, capacity 101660K, committed 101780K, reserved 1136640K
  class space    used 11638K, capacity 14199K, committed 14228K, reserved 1048576K
Event: 13710.390 GC heap after
Heap after GC invocations=71 (full 4):
 PSYoungGen      total 477184K, used 14901K [0x00000000e0000000, 0x00000000fff80000, 0x0000000100000000)
  eden space 435200K, 0% used [0x00000000e0000000,0x00000000e0000000,0x00000000fa900000)
  from space 41984K, 35% used [0x00000000fa900000,0x00000000fb78d658,0x00000000fd200000)
  to   space 40960K, 0% used [0x00000000fd780000,0x00000000fd780000,0x00000000fff80000)
 ParOldGen       total 156160K, used 107960K [0x00000000a0000000, 0x00000000a9880000, 0x00000000e0000000)
  object space 156160K, 69% used [0x00000000a0000000,0x00000000a696e2b8,0x00000000a9880000)
 Metaspace       used 91584K, capacity 101660K, committed 101780K, reserved 1136640K
  class space    used 11638K, capacity 14199K, committed 14228K, reserved 1048576K
}
Event: 13898.279 GC heap before
{Heap before GC invocations=72 (full 4):
 PSYoungGen      total 477184K, used 450101K [0x00000000e0000000, 0x00000000fff80000, 0x0000000100000000)
  eden space 435200K, 100% used [0x00000000e0000000,0x00000000fa900000,0x00000000fa900000)
  from space 41984K, 35% used [0x00000000fa900000,0x00000000fb78d658,0x00000000fd200000)
  to   space 40960K, 0% used [0x00000000fd780000,0x00000000fd780000,0x00000000fff80000)
 ParOldGen       total 156160K, used 107960K [0x00000000a0000000, 0x00000000a9880000, 0x00000000e0000000)
  object space 156160K, 69% used [0x00000000a0000000,0x00000000a696e2b8,0x00000000a9880000)
 Metaspace       used 91738K, capacity 101968K, committed 102164K, reserved 1136640K
  class space    used 11662K, capacity 14279K, committed 14356K, reserved 1048576K
Event: 13907.382 GC heap after
Heap after GC invocations=72 (full 4):
 PSYoungGen      total 481792K, used 10633K [0x00000000e0000000, 0x00000000fff00000, 0x0000000100000000)
  eden space 441344K, 0% used [0x00000000e0000000,0x00000000e0000000,0x00000000faf00000)
  from space 40448K, 26% used [0x00000000fd780000,0x00000000fe1e2710,0x00000000fff00000)
  to   space 40960K, 0% used [0x00000000faf00000,0x00000000faf00000,0x00000000fd700000)
 ParOldGen       total 156160K, used 122902K [0x00000000a0000000, 0x00000000a9880000, 0x00000000e0000000)
  object space 156160K, 78% used [0x00000000a0000000,0x00000000a7805b10,0x00000000a9880000)
 Metaspace       used 91738K, capacity 101968K, committed 102164K, reserved 1136640K
  class space    used 11662K, capacity 14279K, committed 14356K, reserved 1048576K
}
Event: 14123.046 GC heap before
{Heap before GC invocations=73 (full 4):
 PSYoungGen      total 481792K, used 451722K [0x00000000e0000000, 0x00000000fff00000, 0x0000000100000000)
  eden space 441344K, 99% used [0x00000000e0000000,0x00000000faec04e8,0x00000000faf00000)
  from space 40448K, 26% used [0x00000000fd780000,0x00000000fe1e2710,0x00000000fff00000)
  to   space 40960K, 0% used [0x00000000faf00000,0x00000000faf00000,0x00000000fd700000)
 ParOldGen       total 156160K, used 122902K [0x00000000a0000000, 0x00000000a9880000, 0x00000000e0000000)
  object space 156160K, 78% used [0x00000000a0000000,0x00000000a7805b10,0x00000000a9880000)
 Metaspace       used 91827K, capacity 102170K, committed 102420K, reserved 1136640K
  class space    used 11675K, capacity 14322K, committed 14356K, reserved 1048576K
Event: 14124.630 GC heap after
Heap after GC invocations=73 (full 4):
 PSYoungGen      total 482304K, used 27260K [0x00000000e0000000, 0x0000000100000000, 0x0000000100000000)
  eden space 441344K, 0% used [0x00000000e0000000,0x00000000e0000000,0x00000000faf00000)
  from space 40960K, 66% used [0x00000000faf00000,0x00000000fc99f028,0x00000000fd700000)
  to   space 41472K, 0% used [0x00000000fd780000,0x00000000fd780000,0x0000000100000000)
 ParOldGen       total 156160K, used 123491K [0x00000000a0000000, 0x00000000a9880000, 0x00000000e0000000)
  object space 156160K, 79% used [0x00000000a0000000,0x00000000a7898df0,0x00000000a9880000)
 Metaspace       used 91827K, capacity 102170K, committed 102420K, reserved 1136640K
  class space    used 11675K, capacity 14322K, committed 14356K, reserved 1048576K
}
Event: 14690.681 GC heap before
{Heap before GC invocations=74 (full 4):
 PSYoungGen      total 482304K, used 468604K [0x00000000e0000000, 0x0000000100000000, 0x0000000100000000)
  eden space 441344K, 100% used [0x00000000e0000000,0x00000000faf00000,0x00000000faf00000)
  from space 40960K, 66% used [0x00000000faf00000,0x00000000fc99f028,0x00000000fd700000)
  to   space 41472K, 0% used [0x00000000fd780000,0x00000000fd780000,0x0000000100000000)
 ParOldGen       total 156160K, used 123491K [0x00000000a0000000, 0x00000000a9880000, 0x00000000e0000000)
  object space 156160K, 79% used [0x00000000a0000000,0x00000000a7898df0,0x00000000a9880000)
 Metaspace       used 91995K, capacity 102466K, committed 102548K, reserved 1136640K
  class space    used 11702K, capacity 14410K, committed 14484K, reserved 1048576K
Event: 14693.883 GC heap after
Heap after GC invocations=74 (full 4):
 PSYoungGen      total 480768K, used 16691K [0x00000000e0000000, 0x00000000ffd80000, 0x0000000100000000)
  eden space 441856K, 0% used [0x00000000e0000000,0x00000000e0000000,0x00000000faf80000)
  from space 38912K, 42% used [0x00000000fd780000,0x00000000fe7ccda0,0x00000000ffd80000)
  to   space 39936K, 0% used [0x00000000faf80000,0x00000000faf80000,0x00000000fd680000)
 ParOldGen       total 156160K, used 124206K [0x00000000a0000000, 0x00000000a9880000, 0x00000000e0000000)
  object space 156160K, 79% used [0x00000000a0000000,0x00000000a794b9e8,0x00000000a9880000)
 Metaspace       used 91995K, capacity 102466K, committed 102548K, reserved 1136640K
  class space    used 11702K, capacity 14410K, committed 14484K, reserved 1048576K
}
Event: 15249.924 GC heap before
{Heap before GC invocations=75 (full 4):
 PSYoungGen      total 480768K, used 458547K [0x00000000e0000000, 0x00000000ffd80000, 0x0000000100000000)
  eden space 441856K, 100% used [0x00000000e0000000,0x00000000faf80000,0x00000000faf80000)
  from space 38912K, 42% used [0x00000000fd780000,0x00000000fe7ccda0,0x00000000ffd80000)
  to   space 39936K, 0% used [0x00000000faf80000,0x00000000faf80000,0x00000000fd680000)
 ParOldGen       total 156160K, used 124206K [0x00000000a0000000, 0x00000000a9880000, 0x00000000e0000000)
  object space 156160K, 79% used [0x00000000a0000000,0x00000000a794b9e8,0x00000000a9880000)
 Metaspace       used 92076K, capacity 102650K, committed 102804K, reserved 1138688K
  class space    used 11713K, capacity 14450K, committed 14484K, reserved 1048576K
Event: 15252.677 GC heap after
Heap after GC invocations=75 (full 4):
 PSYoungGen      total 481792K, used 25702K [0x00000000e0000000, 0x0000000100000000, 0x0000000100000000)
  eden space 441856K, 0% used [0x00000000e0000000,0x00000000e0000000,0x00000000faf80000)
  from space 39936K, 64% used [0x00000000faf80000,0x00000000fc899838,0x00000000fd680000)
  to   space 40448K, 0% used [0x00000000fd880000,0x00000000fd880000,0x0000000100000000)
 ParOldGen       total 156160K, used 128408K [0x00000000a0000000, 0x00000000a9880000, 0x00000000e0000000)
  object space 156160K, 82% used [0x00000000a0000000,0x00000000a7d662a0,0x00000000a9880000)
 Metaspace       used 92076K, capacity 102650K, committed 102804K, reserved 1138688K
  class space    used 11713K, capacity 14450K, committed 14484K, reserved 1048576K
}

